<?xml version="1.0" encoding="UTF-8"?>
<!-- Generated by org.testng.reporters.JUnitReportReporter -->
<testsuite hostname="Roar.local" failures="0" tests="2" name="com.academy.app.validateTitle" time="10.191" errors="0" timestamp="21 Feb 2019 17:13:45 GMT">
  <testcase classname="com.academy.app.validateTitle" name="basePageNavigation" time="5.491"/>
  <testcase classname="com.academy.app.validateTitle" name="validateNavBar" time="4.700"/>
</testsuite> <!-- com.academy.app.validateTitle -->
