<?xml version="1.0" encoding="UTF-8"?>
<!-- Generated by org.testng.reporters.JUnitReportReporter -->
<testsuite hostname="Roar.local" failures="0" tests="1" name="com.academy.app.validateTitleTest" time="0.070" errors="0" timestamp="26 Feb 2019 16:37:36 GMT">
  <testcase classname="com.academy.app.validateTitleTest" name="basePageNavigation" time="0.070"/>
</testsuite> <!-- com.academy.app.validateTitleTest -->
