<?xml version="1.0" encoding="UTF-8"?>
<!-- Generated by org.testng.reporters.JUnitReportReporter -->
<testsuite hostname="Roar.local" failures="0" tests="1" name="com.academy.app.HomePage" time="4.196" errors="0" timestamp="21 Feb 2019 11:47:48 GMT">
  <testcase classname="com.academy.app.HomePage" name="basePageNavigation" time="4.196"/>
</testsuite> <!-- com.academy.app.HomePage -->
