<?xml version="1.0" encoding="UTF-8"?>
<!-- Generated by org.testng.reporters.JUnitReportReporter -->
<testsuite hostname="Roar.local" failures="0" tests="1" name="com.academy.app.AppTest" time="0.004" errors="0" timestamp="21 Feb 2019 17:46:04 GMT">
  <testcase classname="com.academy.app.AppTest" name="testApp" time="0.004"/>
</testsuite> <!-- com.academy.app.AppTest -->
