<?xml version="1.0" encoding="UTF-8"?>
<!-- Generated by org.testng.reporters.JUnitReportReporter -->
<testsuite hostname="Roar.local" failures="0" tests="2" name="com.academy.app.HomePageTest" time="20.046" errors="0" timestamp="26 Feb 2019 16:37:36 GMT">
  <testcase classname="com.academy.app.HomePageTest" name="basePageNavigation" time="9.894"/>
  <testcase classname="com.academy.app.HomePageTest" name="basePageNavigation" time="10.152"/>
</testsuite> <!-- com.academy.app.HomePageTest -->
