<?xml version="1.0" encoding="UTF-8"?>
<!-- Generated by org.testng.reporters.JUnitReportReporter -->
<testsuite hostname="Roar.local" failures="0" tests="1" name="com.academy.app.validateTitleTest" time="0.045" errors="0" timestamp="26 Feb 2019 17:29:42 GMT" skipped="0">
  <testcase classname="com.academy.app.validateTitleTest" name="validatePageTitle" time="0.045"/>
</testsuite> <!-- com.academy.app.validateTitleTest -->
