<?xml version="1.0" encoding="UTF-8"?>
<!-- Generated by org.testng.reporters.JUnitReportReporter -->
<testsuite hostname="Roar.local" failures="0" tests="2" name="com.academy.app.HomePageTest" time="20.824" errors="0" timestamp="26 Feb 2019 17:29:42 GMT" skipped="0">
  <testcase classname="com.academy.app.HomePageTest" name="validateEmail" time="10.490"/>
  <testcase classname="com.academy.app.HomePageTest" name="validateEmail" time="10.334"/>
</testsuite> <!-- com.academy.app.HomePageTest -->
